{
  "message": "next-transpile-modules - an unexpected error happened when trying to resolve \"@expo-google-fonts\". Are you sure the name of the module you are trying to transpile is correct, and it has a package.json with a \"main\" or an \"exports\" field?\nError: Can't resolve '@expo-google-fonts\\package.json' in 'C:\\Users\\david\\src\\nexus\\apps\\web'",
  "rawStack": "Error: next-transpile-modules - an unexpected error happened when trying to resolve \"@expo-google-fonts\". Are you sure the name of the module you are trying to transpile is correct, and it has a package.json with a \"main\" or an \"exports\" field?\nError: Can't resolve '@expo-google-fonts\\package.json' in 'C:\\Users\\david\\src\\nexus\\apps\\web'\n    at getPackageRootDirectory (C:\\Users\\david\\src\\nexus\\node_modules\\next-transpile-modules\\src\\next-transpile-modules.js:128:15)\n    at Array.map (<anonymous>)\n    at withTM (C:\\Users\\david\\src\\nexus\\node_modules\\next-transpile-modules\\src\\next-transpile-modules.js:137:34)\n    at Object.<anonymous> (C:\\Users\\david\\src\\nexus\\apps\\web\\next.config.compiled.js:538:18)\n    at Module._compile (node:internal/modules/cjs/loader:1554:14)\n    at requireFromString (C:\\Users\\david\\src\\nexus\\node_modules\\next\\dist\\build\\next-config-ts\\require-hook.js:81:7)\n    at transpileConfig (C:\\Users\\david\\src\\nexus\\node_modules\\next\\dist\\build\\next-config-ts\\transpile-config.js:63:51)\n    at async loadConfig (C:\\Users\\david\\src\\nexus\\node_modules\\next\\dist\\server\\config.js:959:36)\n    at async initialize (C:\\Users\\david\\src\\nexus\\node_modules\\next\\dist\\server\\lib\\router-server.js:102:20)\n    at async NextCustomServer.prepare (C:\\Users\\david\\src\\nexus\\node_modules\\next\\dist\\server\\next.js:276:28)",
  "parsedStack": [],
  "phase": "Runtime (Page Rendering)",
  "envInfo": {
    "os": "win32 10.0.26100",
    "nodeVersion": "v22.14.0",
    "workingDirectory": "C:\\Users\\david\\src\\nexus\\apps\\web"
  },
  "processInfo": {
    "commandLine": "C:\\Program Files\\nodejs\\node.exe C:\\Users\\david\\src\\nexus\\apps\\web\\server.js",
    "NODE_OPTIONS": "Not set",
    "DEBUG": "Not set"
  },
  "configInfo": {
    "tsconfig.json": "{\n    \"extends\": \"../../tsconfig.json\",\n    \"compilerOptions\": {\n        \"outDir\": \"build\",\n        \"baseUrl\": \".\",\n        \"paths\": {\n            \"@/*\": [\"./src/*\"],\n            \"@shared-ui/*\": [\"../../packages/shared-ui/src/*\"]\n        },\n        \"incremental\": true,\n        \"isolatedModules\": tru...",
    "babel.config.js": "// babel.config.js\nmodule.exports = function (api) {\n    // Detect web usage (for Next.js)\n    const isWeb = api.caller(\n        (caller) =>\n            caller &&\n            (caller.name === 'babel-loader' ||\n                caller.name === 'next-babel-turbo-loader')\n    );\n\n    return {\n        pr...",
    ".babelrc": "Not found or unreadable",
    "package.json": "{\n  \"name\": \"nexus-web\",\n  \"version\": \"0.1.0\",\n  \"private\": true,\n  \"scripts\": {\n    \"debug\": \"node server.js\",\n    \"dev\": \"next dev\",\n    \"build\": \"next build\",\n    \"start\": \"next start\",\n    \"lint\": \"next lint\"\n  },\n  \"dependencies\": {\n    \"react\": \"18.3.1\",\n    \"react-dom\": \"18.3.1\",\n    \"@expo/n..."
  },
  "moduleFiles": [],
  "url": "build phase",
  "method": "N/A"
}
{
  "message": "next-transpile-modules - an unexpected error happened when trying to resolve \"@shared-ui/node_modules\". Are you sure the name of the module you are trying to transpile is correct, and it has a package.json with a \"main\" or an \"exports\" field?\nError: Can't resolve '@shared-ui\\node_modules\\package.json' in 'C:\\Users\\david\\src\\nexus\\apps\\web'",
  "rawStack": "Error: next-transpile-modules - an unexpected error happened when trying to resolve \"@shared-ui/node_modules\". Are you sure the name of the module you are trying to transpile is correct, and it has a package.json with a \"main\" or an \"exports\" field?\nError: Can't resolve '@shared-ui\\node_modules\\package.json' in 'C:\\Users\\david\\src\\nexus\\apps\\web'\n    at getPackageRootDirectory (C:\\Users\\david\\src\\nexus\\node_modules\\next-transpile-modules\\src\\next-transpile-modules.js:128:15)\n    at Array.map (<anonymous>)\n    at withTM (C:\\Users\\david\\src\\nexus\\node_modules\\next-transpile-modules\\src\\next-transpile-modules.js:137:34)\n    at Object.<anonymous> (C:\\Users\\david\\src\\nexus\\apps\\web\\next.config.compiled.js:540:18)\n    at Module._compile (node:internal/modules/cjs/loader:1554:14)\n    at requireFromString (C:\\Users\\david\\src\\nexus\\node_modules\\next\\dist\\build\\next-config-ts\\require-hook.js:81:7)\n    at transpileConfig (C:\\Users\\david\\src\\nexus\\node_modules\\next\\dist\\build\\next-config-ts\\transpile-config.js:63:51)\n    at async loadConfig (C:\\Users\\david\\src\\nexus\\node_modules\\next\\dist\\server\\config.js:959:36)\n    at async initialize (C:\\Users\\david\\src\\nexus\\node_modules\\next\\dist\\server\\lib\\router-server.js:102:20)\n    at async NextCustomServer.prepare (C:\\Users\\david\\src\\nexus\\node_modules\\next\\dist\\server\\next.js:276:28)",
  "parsedStack": [],
  "phase": "Runtime (Page Rendering)",
  "envInfo": {
    "os": "win32 10.0.26100",
    "nodeVersion": "v22.14.0",
    "workingDirectory": "C:\\Users\\david\\src\\nexus\\apps\\web"
  },
  "processInfo": {
    "commandLine": "C:\\Program Files\\nodejs\\node.exe C:\\Users\\david\\src\\nexus\\apps\\web\\server.js",
    "NODE_OPTIONS": "Not set",
    "DEBUG": "Not set"
  },
  "configInfo": {
    "tsconfig.json": "{\n    \"extends\": \"../../tsconfig.json\",\n    \"compilerOptions\": {\n        \"outDir\": \"build\",\n        \"baseUrl\": \".\",\n        \"paths\": {\n            \"@/*\": [\"./src/*\"],\n            \"@shared-ui/*\": [\"../../packages/shared-ui/src/*\"]\n        },\n        \"incremental\": true,\n        \"isolatedModules\": tru...",
    "babel.config.js": "// babel.config.js\nmodule.exports = function (api) {\n    // Detect web usage (for Next.js)\n    const isWeb = api.caller(\n        (caller) =>\n            caller &&\n            (caller.name === 'babel-loader' ||\n                caller.name === 'next-babel-turbo-loader')\n    );\n\n    return {\n        pr...",
    ".babelrc": "Not found or unreadable",
    "package.json": "{\n  \"name\": \"nexus-web\",\n  \"version\": \"0.1.0\",\n  \"private\": true,\n  \"scripts\": {\n    \"debug\": \"node server.js\",\n    \"dev\": \"next dev\",\n    \"build\": \"next build\",\n    \"start\": \"next start\",\n    \"lint\": \"next lint\"\n  },\n  \"dependencies\": {\n    \"react\": \"18.3.1\",\n    \"react-dom\": \"18.3.1\",\n    \"@expo/n..."
  },
  "moduleFiles": [],
  "url": "build phase",
  "method": "N/A"
}
{
  "message": "next-transpile-modules - an unexpected error happened when trying to resolve \"@shared-ui/node_modules\". Are you sure the name of the module you are trying to transpile is correct, and it has a package.json with a \"main\" or an \"exports\" field?\nError: Can't resolve '@shared-ui\\node_modules\\package.json' in 'C:\\Users\\david\\src\\nexus\\apps\\web'",
  "rawStack": "Error: next-transpile-modules - an unexpected error happened when trying to resolve \"@shared-ui/node_modules\". Are you sure the name of the module you are trying to transpile is correct, and it has a package.json with a \"main\" or an \"exports\" field?\nError: Can't resolve '@shared-ui\\node_modules\\package.json' in 'C:\\Users\\david\\src\\nexus\\apps\\web'\n    at getPackageRootDirectory (C:\\Users\\david\\src\\nexus\\node_modules\\next-transpile-modules\\src\\next-transpile-modules.js:128:15)\n    at Array.map (<anonymous>)\n    at withTM (C:\\Users\\david\\src\\nexus\\node_modules\\next-transpile-modules\\src\\next-transpile-modules.js:137:34)\n    at Object.<anonymous> (C:\\Users\\david\\src\\nexus\\apps\\web\\next.config.compiled.js:540:18)\n    at Module._compile (node:internal/modules/cjs/loader:1554:14)\n    at requireFromString (C:\\Users\\david\\src\\nexus\\node_modules\\next\\dist\\build\\next-config-ts\\require-hook.js:81:7)\n    at transpileConfig (C:\\Users\\david\\src\\nexus\\node_modules\\next\\dist\\build\\next-config-ts\\transpile-config.js:63:51)\n    at async loadConfig (C:\\Users\\david\\src\\nexus\\node_modules\\next\\dist\\server\\config.js:959:36)\n    at async initialize (C:\\Users\\david\\src\\nexus\\node_modules\\next\\dist\\server\\lib\\router-server.js:102:20)\n    at async NextCustomServer.prepare (C:\\Users\\david\\src\\nexus\\node_modules\\next\\dist\\server\\next.js:276:28)",
  "parsedStack": [],
  "phase": "Runtime (Page Rendering)",
  "envInfo": {
    "os": "win32 10.0.26100",
    "nodeVersion": "v22.14.0",
    "workingDirectory": "C:\\Users\\david\\src\\nexus\\apps\\web"
  },
  "processInfo": {
    "commandLine": "C:\\Program Files\\nodejs\\node.exe C:\\Users\\david\\src\\nexus\\apps\\web\\server.js",
    "NODE_OPTIONS": "Not set",
    "DEBUG": "Not set"
  },
  "configInfo": {
    "tsconfig.json": "{\n    \"extends\": \"../../tsconfig.json\",\n    \"compilerOptions\": {\n        \"outDir\": \"build\",\n        \"baseUrl\": \".\",\n        \"paths\": {\n            \"@/*\": [\"./src/*\"],\n            \"@shared-ui/*\": [\"../../packages/shared-ui/src/*\"]\n        },\n        \"incremental\": true,\n        \"isolatedModules\": tru...",
    "babel.config.js": "// babel.config.js\nmodule.exports = function (api) {\n    // Detect web usage (for Next.js)\n    const isWeb = api.caller(\n        (caller) =>\n            caller &&\n            (caller.name === 'babel-loader' ||\n                caller.name === 'next-babel-turbo-loader')\n    );\n\n    return {\n        pr...",
    ".babelrc": "Not found or unreadable",
    "package.json": "{\n  \"name\": \"nexus-web\",\n  \"version\": \"0.1.0\",\n  \"private\": true,\n  \"scripts\": {\n    \"debug\": \"node server.js\",\n    \"dev\": \"next dev\",\n    \"build\": \"next build\",\n    \"start\": \"next start\",\n    \"lint\": \"next lint\"\n  },\n  \"dependencies\": {\n    \"react\": \"18.3.1\",\n    \"react-dom\": \"18.3.1\",\n    \"@expo/n..."
  },
  "moduleFiles": [],
  "url": "build phase",
  "method": "N/A"
}
